<?xml version="1.0" encoding="UTF-8"?>
<testsuite name="CategoryTest" tests="10" skipped="0" failures="0" errors="0" timestamp="2016-05-09T23:40:26" hostname="epicodus-58.local" time="0.144">
  <properties/>
  <testcase name="equals_returnsTrueIfNamesAretheSame" classname="CategoryTest" time="0.004"/>
  <testcase name="getName_categoryInstantiatesWithName_String" classname="CategoryTest" time="0.004"/>
  <testcase name="Category_instantiatesCorrectlt_true" classname="CategoryTest" time="0.004"/>
  <testcase name="getTasks_returnsAllTasks_List" classname="CategoryTest" time="0.021"/>
  <testcase name="all_emptyAtFirst" classname="CategoryTest" time="0.008"/>
  <testcase name="find_findCategoryInDatabase_true" classname="CategoryTest" time="0.018"/>
  <testcase name="delete_deletesAllTasksAndCategoriesAssociations" classname="CategoryTest" time="0.024"/>
  <testcase name="save_savesIntoDatabase_true" classname="CategoryTest" time="0.018"/>
  <testcase name="save_assignsIdToObject" classname="CategoryTest" time="0.016"/>
  <testcase name="addTask_addsTaskToCategory_true" classname="CategoryTest" time="0.026"/>
  <system-out><![CDATA[]]></system-out>
  <system-err><![CDATA[]]></system-err>
</testsuite>
